[debug] [2021-05-10T02:42:32.725Z] ----------------------------------------------------------------------
[debug] [2021-05-10T02:42:32.727Z] Command:       C:\Program Files\nodejs\node.exe C:\Users\fabien\AppData\Roaming\npm\node_modules\firebase-tools\lib\bin\firebase.js init
[debug] [2021-05-10T02:42:32.727Z] CLI Version:   9.10.2
[debug] [2021-05-10T02:42:32.728Z] Platform:      win32
[debug] [2021-05-10T02:42:32.728Z] Node Version:  v12.16.2
[debug] [2021-05-10T02:42:32.730Z] Time:          Mon May 10 2021 04:42:32 GMT+0200 (GMT+02:00)
[debug] [2021-05-10T02:42:32.730Z] ----------------------------------------------------------------------
[debug] 
[debug] [2021-05-10T02:42:32.739Z] > command requires scopes: ["email","openid","https://www.googleapis.com/auth/cloudplatformprojects.readonly","https://www.googleapis.com/auth/firebase","https://www.googleapis.com/auth/cloud-platform"]
[debug] [2021-05-10T02:42:32.739Z] > authorizing via signed-in user (fabien.gautreault@gmail.com)
[info] 
     ######## #### ########  ######## ########     ###     ######  ########
     ##        ##  ##     ## ##       ##     ##  ##   ##  ##       ##
     ######    ##  ########  ######   ########  #########  ######  ######
     ##        ##  ##    ##  ##       ##     ## ##     ##       ## ##
     ##       #### ##     ## ######## ########  ##     ##  ######  ########

You're about to initialize a Firebase project in this directory:

  D:\Documents\20201220 Formation\VSCode\workspace\fga-test-firebase

[info] 
=== Project Setup
[info] 
[info] First, let's associate this project directory with a Firebase project.
[info] You can create multiple project aliases by running firebase use --add, 
[info] but for now we'll just set up a default project.
[info] 
[debug] [2021-05-10T02:43:23.206Z] >>> [apiv2][query] GET https://firebase.googleapis.com/v1beta1/projects pageSize=100
[debug] [2021-05-10T02:43:23.982Z] <<< [apiv2][status] GET https://firebase.googleapis.com/v1beta1/projects 200
[debug] [2021-05-10T02:43:23.982Z] <<< [apiv2][body] GET https://firebase.googleapis.com/v1beta1/projects [omitted]
[info] i  Using project fga-test-firebase (fga test firebase) 
[info] 
=== Hosting Setup
[info] 
[info] Your public directory is the folder (relative to your project directory) that
[info] will contain Hosting assets to be uploaded with firebase deploy. If you
[info] have a build process for your assets, use your build's output directory.
[info] 
[debug] [2021-05-10T02:43:51.452Z] >>> [apiv2][query] GET https://www.gstatic.com/firebasejs/releases.json [none]
[debug] [2021-05-10T02:43:51.687Z] <<< [apiv2][status] GET https://www.gstatic.com/firebasejs/releases.json 200
[debug] [2021-05-10T02:43:51.688Z] <<< [apiv2][body] GET https://www.gstatic.com/firebasejs/releases.json {"current":{"version":"8.5.0","browserURL":"https://www.gstatic.com/firebasejs/8.5.0/firebase.js","packageURL":"https://www.gstatic.com/firebasejs/8.5.0/firebase.tgz"},"live":{"version":"8.5","browserURL":"https://www.gstatic.com/firebasejs/live/8.5/firebase.js","packageURL":"https://www.gstatic.com/firebasejs/live/8.5/firebase.tgz"},"components":{"analytics":"https://www.gstatic.com/firebasejs/8.5.0/firebase-analytics.js","app":"https://www.gstatic.com/firebasejs/8.5.0/firebase-app.js","auth":"https://www.gstatic.com/firebasejs/8.5.0/firebase-auth.js","database":"https://www.gstatic.com/firebasejs/8.5.0/firebase-database.js","firestore":"https://www.gstatic.com/firebasejs/8.5.0/firebase-firestore.js","functions":"https://www.gstatic.com/firebasejs/8.5.0/firebase-functions.js","installations":"https://www.gstatic.com/firebasejs/8.5.0/firebase-installations.js","messaging":"https://www.gstatic.com/firebasejs/8.5.0/firebase-messaging.js","storage":"https://www.gstatic.com/firebasejs/8.5.0/firebase-storage.js","performance":"https://www.gstatic.com/firebasejs/8.5.0/firebase-performance.js","remote-config":"https://www.gstatic.com/firebasejs/8.5.0/firebase-remote-config.js","firestore.memory":"https://www.gstatic.com/firebasejs/8.5.0/firebase-firestore.memory.js"}}
[info] +  Wrote public/index.html 
[info] 
[info] i  Detected a .git folder at D:\Documents\20201220 Formation\VSCode\workspace\fga-test-firebase 
[info] i  Authorizing with GitHub to upload your service account to a GitHub repository's secrets store. 
[info] 
[info] Visit this URL on this device to log in:
[info] https://github.com/login/oauth/authorize?client_id=89cf50f02ac6aaed3484&state=559241759&redirect_uri=http%3A%2F%2Flocalhost%3A9005&scope=read%3Auser%20repo%20public_repo
[info] 
[info] Waiting for authentication...
[debug] [2021-05-10T02:44:43.724Z] >>> HTTP REQUEST POST https://github.com/login/oauth/access_token  
 {"client_id":"89cf50f02ac6aaed3484","client_secret":"3330d14abc895d9a74d5f17cd7a00711fa2c5bf0","code":"90d6fac7e5188158aeec","redirect_uri":"http://localhost:9005","state":"559241759"}
[debug] [2021-05-10T02:44:44.076Z] <<< HTTP RESPONSE 200 {"server":"GitHub.com","date":"Mon, 10 May 2021 02:44:39 GMT","content-type":"application/json; charset=utf-8","transfer-encoding":"chunked","vary":"X-PJAX, Accept-Encoding, Accept, X-Requested-With","permissions-policy":"interest-cohort=()","etag":"W/\"0d9504b2f3636e004364ed96fc0ea509\"","cache-control":"max-age=0, private, must-revalidate","strict-transport-security":"max-age=31536000; includeSubdomains; preload","x-frame-options":"deny","x-content-type-options":"nosniff","x-xss-protection":"0","referrer-policy":"origin-when-cross-origin, strict-origin-when-cross-origin","expect-ct":"max-age=2592000, report-uri=\"https://api.github.com/_private/browser/errors\"","content-security-policy":"default-src 'none'; base-uri 'self'; block-all-mixed-content; connect-src 'self' uploads.github.com www.githubstatus.com collector.githubapp.com api.github.com github-cloud.s3.amazonaws.com github-production-repository-file-5c1aeb.s3.amazonaws.com github-production-upload-manifest-file-7fdce7.s3.amazonaws.com github-production-user-asset-6210df.s3.amazonaws.com cdn.optimizely.com logx.optimizely.com/v1/events wss://alive.github.com; font-src github.githubassets.com; form-action 'self' github.com gist.github.com; frame-ancestors 'none'; frame-src render.githubusercontent.com; img-src 'self' data: github.githubassets.com identicons.github.com collector.githubapp.com github-cloud.s3.amazonaws.com secured-user-images.githubusercontent.com/ *.githubusercontent.com; manifest-src 'self'; media-src 'none'; script-src github.githubassets.com; style-src 'unsafe-inline' github.githubassets.com; worker-src github.com/socket-worker-3f088aa2.js gist.github.com/socket-worker-3f088aa2.js","x-github-request-id":"EE6A:C299:111A7B0:1179C10:60989E17"}
[debug] [2021-05-10T02:44:44.099Z] >>> [apiv2][query] GET https://api.github.com/user [none]
[debug] [2021-05-10T02:44:44.462Z] <<< [apiv2][status] GET https://api.github.com/user 200
[debug] [2021-05-10T02:44:44.463Z] <<< [apiv2][body] GET https://api.github.com/user {"login":"FGAUTREAULT","id":5802054,"node_id":"MDQ6VXNlcjU4MDIwNTQ=","avatar_url":"https://avatars.githubusercontent.com/u/5802054?v=4","gravatar_id":"","url":"https://api.github.com/users/FGAUTREAULT","html_url":"https://github.com/FGAUTREAULT","followers_url":"https://api.github.com/users/FGAUTREAULT/followers","following_url":"https://api.github.com/users/FGAUTREAULT/following{/other_user}","gists_url":"https://api.github.com/users/FGAUTREAULT/gists{/gist_id}","starred_url":"https://api.github.com/users/FGAUTREAULT/starred{/owner}{/repo}","subscriptions_url":"https://api.github.com/users/FGAUTREAULT/subscriptions","organizations_url":"https://api.github.com/users/FGAUTREAULT/orgs","repos_url":"https://api.github.com/users/FGAUTREAULT/repos","events_url":"https://api.github.com/users/FGAUTREAULT/events{/privacy}","received_events_url":"https://api.github.com/users/FGAUTREAULT/received_events","type":"User","site_admin":false,"name":"Fabien GAUTREAULT","company":null,"blog":"https://codepen.io/FGAUTREAULT/","location":null,"email":null,"hireable":true,"bio":"Développeur FRONTEND et UX designer, passionné par le Front, l'UI/UX et les nouvelles technologies.\r\n\r\nhttp://www.linkedin.com/in/fabiengautreault","twitter_username":null,"public_repos":20,"public_gists":21,"followers":0,"following":1,"created_at":"2013-10-29T09:10:29Z","updated_at":"2021-05-10T02:44:38Z","private_gists":0,"total_private_repos":0,"owned_private_repos":0,"disk_usage":4712,"collaborators":0,"two_factor_authentication":false,"plan":{"name":"free","space":976562499,"collaborators":0,"private_repos":10000}}
[info] 
[info] +  Success! Logged into GitHub as FGAUTREAULT 
[info] 
